<?xml version="1.0" encoding="UTF-8"?>
<!-- Generated by org.testng.reporters.JUnitReportReporter -->
<testsuite hostname="LAPTOP-TUG33N15" failures="0" tests="1" name="script.Demotest" time="13.989" errors="0" timestamp="12 Aug 2024 13:04:11 GMT" skipped="0">
  <testcase classname="script.Demotest" name="testA" time="13.989"/>
</testsuite> <!-- script.Demotest -->
