<?xml version="1.0" encoding="UTF-8"?>
<!-- Generated by org.testng.reporters.JUnitReportReporter -->
<testsuite hostname="LAPTOP-TUG33N15" failures="0" tests="1" name="script.Demotest2" time="3.008" errors="0" timestamp="09 Aug 2024 15:34:02 GMT" skipped="0">
  <testcase classname="script.Demotest2" name="testB" time="3.008"/>
</testsuite> <!-- script.Demotest2 -->
