<?xml version="1.0" encoding="UTF-8"?>
<!-- Generated by org.testng.reporters.JUnitReportReporter -->
<testsuite hostname="LAPTOP-TUG33N15" failures="0" tests="1" name="script.Demotest" time="4.477" errors="0" timestamp="09 Aug 2024 15:34:02 GMT" skipped="0">
  <testcase classname="script.Demotest" name="testA" time="4.477"/>
</testsuite> <!-- script.Demotest -->
